<?xml version="1.0" encoding="UTF-8"?>
<testng-results skipped="0" failed="0" ignored="0" total="2" passed="2">
  <reporter-output>
  </reporter-output>
  <suite name="Suite" duration-ms="80224" started-at="2021-12-08T13:20:04 IST" finished-at="2021-12-08T13:21:25 IST">
    <groups>
    </groups>
    <test name="Test" duration-ms="80224" started-at="2021-12-08T13:20:04 IST" finished-at="2021-12-08T13:21:25 IST">
      <class name="FirstTest.NewTest">
        <test-method status="PASS" signature="LaunchAmazonSite()[pri:0, instance:FirstTest.NewTest@9a7504c]" name="LaunchAmazonSite" is-config="true" duration-ms="44859" started-at="2021-12-08T13:20:05 IST" finished-at="2021-12-08T13:20:49 IST">
          <reporter-output>
          </reporter-output>
        </test-method> <!-- LaunchAmazonSite -->
        <test-method status="PASS" signature="VerifyErrorMessage()[pri:0, instance:FirstTest.NewTest@9a7504c]" name="VerifyErrorMessage" duration-ms="12" started-at="2021-12-08T13:20:50 IST" finished-at="2021-12-08T13:20:50 IST">
          <reporter-output>
          </reporter-output>
        </test-method> <!-- VerifyErrorMessage -->
        <test-method status="PASS" signature="f()[pri:0, instance:FirstTest.NewTest@9a7504c]" name="f" duration-ms="35074" started-at="2021-12-08T13:20:50 IST" finished-at="2021-12-08T13:21:25 IST">
          <reporter-output>
          </reporter-output>
        </test-method> <!-- f -->
      </class> <!-- FirstTest.NewTest -->
    </test> <!-- Test -->
  </suite> <!-- Suite -->
</testng-results>
